<?xml version="1.0" encoding="UTF-8"?>
<!-- Generated by org.testng.reporters.JUnitReportReporter -->
<testsuite hostname="ALTHAF" name="TestCases.Amazon" tests="1" failures="0" timestamp="18 Oct 2020 12:18:12 GMT" time="133.526" errors="0">
  <testcase name="test" time="133.526" classname="TestCases.Amazon"/>
</testsuite> <!-- TestCases.Amazon -->
